{
  "RSpec": {
    "coverage": {
      "/Users/beccahyland/Turing/2module/projects/bike_share/spec/features/stations/visitor_sees_all_stations_and_attributes_spec.rb": [
        1,
        null,
        1,
        1,
        1,
        1,
        1,
        1,
        1,
        null,
        1,
        null,
        1,
        1,
        1,
        1,
        1,
        1,
        1,
        1,
        null,
        null,
        null
      ],
      "/Users/beccahyland/Turing/2module/projects/bike_share/spec/features/stations/visitor_sees_station_on_show_page_spec.rb": [
        1,
        null,
        1,
        1,
        1,
        1,
        null,
        1,
        null,
        1,
        null,
        null,
        null,
        null
      ],
      "/Users/beccahyland/Turing/2module/projects/bike_share/spec/models/condition_spec.rb": [
        1,
        null,
        1,
        1,
        2,
        2,
        2,
        2,
        2,
        2,
        2,
        2,
        null,
        null
      ],
      "/Users/beccahyland/Turing/2module/projects/bike_share/app/models/condition.rb": [
        1,
        1,
        null
      ],
      "/Users/beccahyland/Turing/2module/projects/bike_share/app/models/application_record.rb": [
        1,
        1,
        null
      ],
      "/Users/beccahyland/Turing/2module/projects/bike_share/spec/models/station_spec.rb": [
        1,
        null,
        1,
        1,
        2,
        2,
        2,
        2,
        null,
        null
      ],
      "/Users/beccahyland/Turing/2module/projects/bike_share/app/models/station.rb": [
        1,
        1,
        null
      ],
      "/Users/beccahyland/Turing/2module/projects/bike_share/app/controllers/stations_controller.rb": [
        1,
        1,
        1,
        null,
        null,
        1,
        null,
        null
      ],
      "/Users/beccahyland/Turing/2module/projects/bike_share/app/controllers/application_controller.rb": [
        1,
        1,
        null
      ]
    },
    "timestamp": 1536364339
  }
}
