{
  "RSpec": {
    "coverage": {
      "/Users/nicklindy/turing/2module/projects/bike_share/spec/features/station/visitor_sees_station_on_show_page_spec.rb": [
        1,
        null,
        1,
        1,
        1,
        1,
        null,
        1,
        null,
        1,
        null,
        null,
        null,
        null
      ],
      "/Users/nicklindy/turing/2module/projects/bike_share/spec/models/station_spec.rb": [
        1,
        null,
        1,
        1,
        2,
        2,
        2,
        2,
        null,
        null
      ],
      "/Users/nicklindy/turing/2module/projects/bike_share/app/models/station.rb": [
        1,
        1,
        null
      ],
      "/Users/nicklindy/turing/2module/projects/bike_share/app/models/application_record.rb": [
        1,
        1,
        null
      ],
      "/Users/nicklindy/turing/2module/projects/bike_share/app/controllers/stations_controller.rb": [
        1,
        1,
        1,
        null,
        null,
        1,
        null,
        null
      ],
      "/Users/nicklindy/turing/2module/projects/bike_share/app/controllers/application_controller.rb": [
        1,
        1,
        null
      ]
    },
    "timestamp": 1536361442
  }
}
